<?xml version="1.0" encoding="UTF-8"?>
<testsuite xmlns:xsi="http://www.w3.org/2001/XMLSchema-instance" xsi:noNamespaceSchemaLocation="https://maven.apache.org/surefire/maven-surefire-plugin/xsd/surefire-test-report.xsd" version="3.0.2" name="pods.project.marketplaceservice.MarketplaceServiceApplicationTests" time="3.925" tests="1" errors="0" skipped="0" failures="0">
  <properties>
    <property name="java.specification.version" value="21"/>
    <property name="sun.jnu.encoding" value="UTF-8"/>
    <property name="java.class.path" value="/home/akash/Documents/PODS/marketplace-service/target/test-classes:/home/akash/Documents/PODS/marketplace-service/target/classes:/home/akash/.m2/repository/org/springframework/boot/spring-boot-starter-data-jpa/3.4.2/spring-boot-starter-data-jpa-3.4.2.jar:/home/akash/.m2/repository/org/springframework/boot/spring-boot-starter/3.4.2/spring-boot-starter-3.4.2.jar:/home/akash/.m2/repository/org/springframework/boot/spring-boot-starter-logging/3.4.2/spring-boot-starter-logging-3.4.2.jar:/home/akash/.m2/repository/ch/qos/logback/logback-classic/1.5.16/logback-classic-1.5.16.jar:/home/akash/.m2/repository/ch/qos/logback/logback-core/1.5.16/logback-core-1.5.16.jar:/home/akash/.m2/repository/org/apache/logging/log4j/log4j-to-slf4j/2.24.3/log4j-to-slf4j-2.24.3.jar:/home/akash/.m2/repository/org/slf4j/jul-to-slf4j/2.0.16/jul-to-slf4j-2.0.16.jar:/home/akash/.m2/repository/jakarta/annotation/jakarta.annotation-api/2.1.1/jakarta.annotation-api-2.1.1.jar:/home/akash/.m2/repository/org/yaml/snakeyaml/2.3/snakeyaml-2.3.jar:/home/akash/.m2/repository/org/springframework/boot/spring-boot-starter-jdbc/3.4.2/spring-boot-starter-jdbc-3.4.2.jar:/home/akash/.m2/repository/com/zaxxer/HikariCP/5.1.0/HikariCP-5.1.0.jar:/home/akash/.m2/repository/org/springframework/spring-jdbc/6.2.2/spring-jdbc-6.2.2.jar:/home/akash/.m2/repository/org/hibernate/orm/hibernate-core/6.6.5.Final/hibernate-core-6.6.5.Final.jar:/home/akash/.m2/repository/jakarta/persistence/jakarta.persistence-api/3.1.0/jakarta.persistence-api-3.1.0.jar:/home/akash/.m2/repository/jakarta/transaction/jakarta.transaction-api/2.0.1/jakarta.transaction-api-2.0.1.jar:/home/akash/.m2/repository/org/jboss/logging/jboss-logging/3.6.1.Final/jboss-logging-3.6.1.Final.jar:/home/akash/.m2/repository/org/hibernate/common/hibernate-commons-annotations/7.0.3.Final/hibernate-commons-annotations-7.0.3.Final.jar:/home/akash/.m2/repository/io/smallrye/jandex/3.2.0/jandex-3.2.0.jar:/home/akash/.m2/repository/com/fasterxml/classmate/1.7.0/classmate-1.7.0.jar:/home/akash/.m2/repository/net/bytebuddy/byte-buddy/1.15.11/byte-buddy-1.15.11.jar:/home/akash/.m2/repository/org/glassfish/jaxb/jaxb-runtime/4.0.5/jaxb-runtime-4.0.5.jar:/home/akash/.m2/repository/org/glassfish/jaxb/jaxb-core/4.0.5/jaxb-core-4.0.5.jar:/home/akash/.m2/repository/org/eclipse/angus/angus-activation/2.0.2/angus-activation-2.0.2.jar:/home/akash/.m2/repository/org/glassfish/jaxb/txw2/4.0.5/txw2-4.0.5.jar:/home/akash/.m2/repository/com/sun/istack/istack-commons-runtime/4.1.2/istack-commons-runtime-4.1.2.jar:/home/akash/.m2/repository/jakarta/inject/jakarta.inject-api/2.0.1/jakarta.inject-api-2.0.1.jar:/home/akash/.m2/repository/org/antlr/antlr4-runtime/4.13.0/antlr4-runtime-4.13.0.jar:/home/akash/.m2/repository/org/springframework/data/spring-data-jpa/3.4.2/spring-data-jpa-3.4.2.jar:/home/akash/.m2/repository/org/springframework/data/spring-data-commons/3.4.2/spring-data-commons-3.4.2.jar:/home/akash/.m2/repository/org/springframework/spring-orm/6.2.2/spring-orm-6.2.2.jar:/home/akash/.m2/repository/org/springframework/spring-context/6.2.2/spring-context-6.2.2.jar:/home/akash/.m2/repository/org/springframework/spring-aop/6.2.2/spring-aop-6.2.2.jar:/home/akash/.m2/repository/org/springframework/spring-tx/6.2.2/spring-tx-6.2.2.jar:/home/akash/.m2/repository/org/springframework/spring-beans/6.2.2/spring-beans-6.2.2.jar:/home/akash/.m2/repository/org/slf4j/slf4j-api/2.0.16/slf4j-api-2.0.16.jar:/home/akash/.m2/repository/org/springframework/spring-aspects/6.2.2/spring-aspects-6.2.2.jar:/home/akash/.m2/repository/org/aspectj/aspectjweaver/1.9.22.1/aspectjweaver-1.9.22.1.jar:/home/akash/.m2/repository/org/springframework/boot/spring-boot-starter-web/3.4.2/spring-boot-starter-web-3.4.2.jar:/home/akash/.m2/repository/org/springframework/boot/spring-boot-starter-json/3.4.2/spring-boot-starter-json-3.4.2.jar:/home/akash/.m2/repository/com/fasterxml/jackson/core/jackson-databind/2.18.2/jackson-databind-2.18.2.jar:/home/akash/.m2/repository/com/fasterxml/jackson/core/jackson-annotations/2.18.2/jackson-annotations-2.18.2.jar:/home/akash/.m2/repository/com/fasterxml/jackson/core/jackson-core/2.18.2/jackson-core-2.18.2.jar:/home/akash/.m2/repository/com/fasterxml/jackson/datatype/jackson-datatype-jdk8/2.18.2/jackson-datatype-jdk8-2.18.2.jar:/home/akash/.m2/repository/com/fasterxml/jackson/datatype/jackson-datatype-jsr310/2.18.2/jackson-datatype-jsr310-2.18.2.jar:/home/akash/.m2/repository/com/fasterxml/jackson/module/jackson-module-parameter-names/2.18.2/jackson-module-parameter-names-2.18.2.jar:/home/akash/.m2/repository/org/springframework/boot/spring-boot-starter-tomcat/3.4.2/spring-boot-starter-tomcat-3.4.2.jar:/home/akash/.m2/repository/org/apache/tomcat/embed/tomcat-embed-core/10.1.34/tomcat-embed-core-10.1.34.jar:/home/akash/.m2/repository/org/apache/tomcat/embed/tomcat-embed-el/10.1.34/tomcat-embed-el-10.1.34.jar:/home/akash/.m2/repository/org/apache/tomcat/embed/tomcat-embed-websocket/10.1.34/tomcat-embed-websocket-10.1.34.jar:/home/akash/.m2/repository/org/springframework/spring-web/6.2.2/spring-web-6.2.2.jar:/home/akash/.m2/repository/io/micrometer/micrometer-observation/1.14.3/micrometer-observation-1.14.3.jar:/home/akash/.m2/repository/io/micrometer/micrometer-commons/1.14.3/micrometer-commons-1.14.3.jar:/home/akash/.m2/repository/org/springframework/spring-webmvc/6.2.2/spring-webmvc-6.2.2.jar:/home/akash/.m2/repository/org/springframework/spring-expression/6.2.2/spring-expression-6.2.2.jar:/home/akash/.m2/repository/org/springframework/boot/spring-boot-devtools/3.4.2/spring-boot-devtools-3.4.2.jar:/home/akash/.m2/repository/org/springframework/boot/spring-boot/3.4.2/spring-boot-3.4.2.jar:/home/akash/.m2/repository/org/springframework/boot/spring-boot-autoconfigure/3.4.2/spring-boot-autoconfigure-3.4.2.jar:/home/akash/.m2/repository/com/h2database/h2/2.3.232/h2-2.3.232.jar:/home/akash/.m2/repository/org/projectlombok/lombok/1.18.36/lombok-1.18.36.jar:/home/akash/.m2/repository/org/springframework/boot/spring-boot-starter-test/3.4.2/spring-boot-starter-test-3.4.2.jar:/home/akash/.m2/repository/org/springframework/boot/spring-boot-test/3.4.2/spring-boot-test-3.4.2.jar:/home/akash/.m2/repository/org/springframework/boot/spring-boot-test-autoconfigure/3.4.2/spring-boot-test-autoconfigure-3.4.2.jar:/home/akash/.m2/repository/com/jayway/jsonpath/json-path/2.9.0/json-path-2.9.0.jar:/home/akash/.m2/repository/jakarta/xml/bind/jakarta.xml.bind-api/4.0.2/jakarta.xml.bind-api-4.0.2.jar:/home/akash/.m2/repository/jakarta/activation/jakarta.activation-api/2.1.3/jakarta.activation-api-2.1.3.jar:/home/akash/.m2/repository/net/minidev/json-smart/2.5.1/json-smart-2.5.1.jar:/home/akash/.m2/repository/net/minidev/accessors-smart/2.5.1/accessors-smart-2.5.1.jar:/home/akash/.m2/repository/org/ow2/asm/asm/9.6/asm-9.6.jar:/home/akash/.m2/repository/org/assertj/assertj-core/3.26.3/assertj-core-3.26.3.jar:/home/akash/.m2/repository/org/awaitility/awaitility/4.2.2/awaitility-4.2.2.jar:/home/akash/.m2/repository/org/hamcrest/hamcrest/2.2/hamcrest-2.2.jar:/home/akash/.m2/repository/org/junit/jupiter/junit-jupiter/5.11.4/junit-jupiter-5.11.4.jar:/home/akash/.m2/repository/org/junit/jupiter/junit-jupiter-api/5.11.4/junit-jupiter-api-5.11.4.jar:/home/akash/.m2/repository/org/opentest4j/opentest4j/1.3.0/opentest4j-1.3.0.jar:/home/akash/.m2/repository/org/junit/platform/junit-platform-commons/1.11.4/junit-platform-commons-1.11.4.jar:/home/akash/.m2/repository/org/apiguardian/apiguardian-api/1.1.2/apiguardian-api-1.1.2.jar:/home/akash/.m2/repository/org/junit/jupiter/junit-jupiter-params/5.11.4/junit-jupiter-params-5.11.4.jar:/home/akash/.m2/repository/org/junit/jupiter/junit-jupiter-engine/5.11.4/junit-jupiter-engine-5.11.4.jar:/home/akash/.m2/repository/org/junit/platform/junit-platform-engine/1.11.4/junit-platform-engine-1.11.4.jar:/home/akash/.m2/repository/org/mockito/mockito-core/5.14.2/mockito-core-5.14.2.jar:/home/akash/.m2/repository/net/bytebuddy/byte-buddy-agent/1.15.11/byte-buddy-agent-1.15.11.jar:/home/akash/.m2/repository/org/objenesis/objenesis/3.3/objenesis-3.3.jar:/home/akash/.m2/repository/org/mockito/mockito-junit-jupiter/5.14.2/mockito-junit-jupiter-5.14.2.jar:/home/akash/.m2/repository/org/skyscreamer/jsonassert/1.5.3/jsonassert-1.5.3.jar:/home/akash/.m2/repository/com/vaadin/external/google/android-json/0.0.20131108.vaadin1/android-json-0.0.20131108.vaadin1.jar:/home/akash/.m2/repository/org/springframework/spring-core/6.2.2/spring-core-6.2.2.jar:/home/akash/.m2/repository/org/springframework/spring-jcl/6.2.2/spring-jcl-6.2.2.jar:/home/akash/.m2/repository/org/springframework/spring-test/6.2.2/spring-test-6.2.2.jar:/home/akash/.m2/repository/org/xmlunit/xmlunit-core/2.10.0/xmlunit-core-2.10.0.jar:/home/akash/.m2/repository/org/apache/poi/poi/5.3.0/poi-5.3.0.jar:/home/akash/.m2/repository/commons-codec/commons-codec/1.17.2/commons-codec-1.17.2.jar:/home/akash/.m2/repository/org/apache/commons/commons-collections4/4.4/commons-collections4-4.4.jar:/home/akash/.m2/repository/org/apache/commons/commons-math3/3.6.1/commons-math3-3.6.1.jar:/home/akash/.m2/repository/commons-io/commons-io/2.16.1/commons-io-2.16.1.jar:/home/akash/.m2/repository/com/zaxxer/SparseBitSet/1.3/SparseBitSet-1.3.jar:/home/akash/.m2/repository/org/apache/logging/log4j/log4j-api/2.24.3/log4j-api-2.24.3.jar:/home/akash/.m2/repository/org/apache/poi/poi-ooxml/5.3.0/poi-ooxml-5.3.0.jar:/home/akash/.m2/repository/org/apache/poi/poi-ooxml-lite/5.3.0/poi-ooxml-lite-5.3.0.jar:/home/akash/.m2/repository/org/apache/xmlbeans/xmlbeans/5.2.1/xmlbeans-5.2.1.jar:/home/akash/.m2/repository/org/apache/commons/commons-compress/1.26.2/commons-compress-1.26.2.jar:/home/akash/.m2/repository/org/apache/commons/commons-lang3/3.17.0/commons-lang3-3.17.0.jar:/home/akash/.m2/repository/com/github/virtuald/curvesapi/1.08/curvesapi-1.08.jar:/home/akash/.m2/repository/org/json/json/20231013/json-20231013.jar:"/>
    <property name="java.vm.vendor" value="Eclipse Adoptium"/>
    <property name="sun.arch.data.model" value="64"/>
    <property name="java.vendor.url" value="https://adoptium.net/"/>
    <property name="user.timezone" value="Asia/Kolkata"/>
    <property name="org.jboss.logging.provider" value="slf4j"/>
    <property name="os.name" value="Linux"/>
    <property name="java.vm.specification.version" value="21"/>
    <property name="APPLICATION_NAME" value="marketplace-service"/>
    <property name="sun.java.launcher" value="SUN_STANDARD"/>
    <property name="user.country" value="US"/>
    <property name="sun.boot.library.path" value="/home/akash/Downloads/eclipse-temurin-21/jdk-21.0.6/lib"/>
    <property name="sun.java.command" value="/home/akash/Documents/PODS/marketplace-service/target/surefire/surefirebooter-20250214041605851_3.jar /home/akash/Documents/PODS/marketplace-service/target/surefire 2025-02-14T04-16-05_790-jvmRun1 surefire-20250214041605851_1tmp surefire_0-20250214041605851_2tmp"/>
    <property name="jdk.debug" value="release"/>
    <property name="surefire.test.class.path" value="/home/akash/Documents/PODS/marketplace-service/target/test-classes:/home/akash/Documents/PODS/marketplace-service/target/classes:/home/akash/.m2/repository/org/springframework/boot/spring-boot-starter-data-jpa/3.4.2/spring-boot-starter-data-jpa-3.4.2.jar:/home/akash/.m2/repository/org/springframework/boot/spring-boot-starter/3.4.2/spring-boot-starter-3.4.2.jar:/home/akash/.m2/repository/org/springframework/boot/spring-boot-starter-logging/3.4.2/spring-boot-starter-logging-3.4.2.jar:/home/akash/.m2/repository/ch/qos/logback/logback-classic/1.5.16/logback-classic-1.5.16.jar:/home/akash/.m2/repository/ch/qos/logback/logback-core/1.5.16/logback-core-1.5.16.jar:/home/akash/.m2/repository/org/apache/logging/log4j/log4j-to-slf4j/2.24.3/log4j-to-slf4j-2.24.3.jar:/home/akash/.m2/repository/org/slf4j/jul-to-slf4j/2.0.16/jul-to-slf4j-2.0.16.jar:/home/akash/.m2/repository/jakarta/annotation/jakarta.annotation-api/2.1.1/jakarta.annotation-api-2.1.1.jar:/home/akash/.m2/repository/org/yaml/snakeyaml/2.3/snakeyaml-2.3.jar:/home/akash/.m2/repository/org/springframework/boot/spring-boot-starter-jdbc/3.4.2/spring-boot-starter-jdbc-3.4.2.jar:/home/akash/.m2/repository/com/zaxxer/HikariCP/5.1.0/HikariCP-5.1.0.jar:/home/akash/.m2/repository/org/springframework/spring-jdbc/6.2.2/spring-jdbc-6.2.2.jar:/home/akash/.m2/repository/org/hibernate/orm/hibernate-core/6.6.5.Final/hibernate-core-6.6.5.Final.jar:/home/akash/.m2/repository/jakarta/persistence/jakarta.persistence-api/3.1.0/jakarta.persistence-api-3.1.0.jar:/home/akash/.m2/repository/jakarta/transaction/jakarta.transaction-api/2.0.1/jakarta.transaction-api-2.0.1.jar:/home/akash/.m2/repository/org/jboss/logging/jboss-logging/3.6.1.Final/jboss-logging-3.6.1.Final.jar:/home/akash/.m2/repository/org/hibernate/common/hibernate-commons-annotations/7.0.3.Final/hibernate-commons-annotations-7.0.3.Final.jar:/home/akash/.m2/repository/io/smallrye/jandex/3.2.0/jandex-3.2.0.jar:/home/akash/.m2/repository/com/fasterxml/classmate/1.7.0/classmate-1.7.0.jar:/home/akash/.m2/repository/net/bytebuddy/byte-buddy/1.15.11/byte-buddy-1.15.11.jar:/home/akash/.m2/repository/org/glassfish/jaxb/jaxb-runtime/4.0.5/jaxb-runtime-4.0.5.jar:/home/akash/.m2/repository/org/glassfish/jaxb/jaxb-core/4.0.5/jaxb-core-4.0.5.jar:/home/akash/.m2/repository/org/eclipse/angus/angus-activation/2.0.2/angus-activation-2.0.2.jar:/home/akash/.m2/repository/org/glassfish/jaxb/txw2/4.0.5/txw2-4.0.5.jar:/home/akash/.m2/repository/com/sun/istack/istack-commons-runtime/4.1.2/istack-commons-runtime-4.1.2.jar:/home/akash/.m2/repository/jakarta/inject/jakarta.inject-api/2.0.1/jakarta.inject-api-2.0.1.jar:/home/akash/.m2/repository/org/antlr/antlr4-runtime/4.13.0/antlr4-runtime-4.13.0.jar:/home/akash/.m2/repository/org/springframework/data/spring-data-jpa/3.4.2/spring-data-jpa-3.4.2.jar:/home/akash/.m2/repository/org/springframework/data/spring-data-commons/3.4.2/spring-data-commons-3.4.2.jar:/home/akash/.m2/repository/org/springframework/spring-orm/6.2.2/spring-orm-6.2.2.jar:/home/akash/.m2/repository/org/springframework/spring-context/6.2.2/spring-context-6.2.2.jar:/home/akash/.m2/repository/org/springframework/spring-aop/6.2.2/spring-aop-6.2.2.jar:/home/akash/.m2/repository/org/springframework/spring-tx/6.2.2/spring-tx-6.2.2.jar:/home/akash/.m2/repository/org/springframework/spring-beans/6.2.2/spring-beans-6.2.2.jar:/home/akash/.m2/repository/org/slf4j/slf4j-api/2.0.16/slf4j-api-2.0.16.jar:/home/akash/.m2/repository/org/springframework/spring-aspects/6.2.2/spring-aspects-6.2.2.jar:/home/akash/.m2/repository/org/aspectj/aspectjweaver/1.9.22.1/aspectjweaver-1.9.22.1.jar:/home/akash/.m2/repository/org/springframework/boot/spring-boot-starter-web/3.4.2/spring-boot-starter-web-3.4.2.jar:/home/akash/.m2/repository/org/springframework/boot/spring-boot-starter-json/3.4.2/spring-boot-starter-json-3.4.2.jar:/home/akash/.m2/repository/com/fasterxml/jackson/core/jackson-databind/2.18.2/jackson-databind-2.18.2.jar:/home/akash/.m2/repository/com/fasterxml/jackson/core/jackson-annotations/2.18.2/jackson-annotations-2.18.2.jar:/home/akash/.m2/repository/com/fasterxml/jackson/core/jackson-core/2.18.2/jackson-core-2.18.2.jar:/home/akash/.m2/repository/com/fasterxml/jackson/datatype/jackson-datatype-jdk8/2.18.2/jackson-datatype-jdk8-2.18.2.jar:/home/akash/.m2/repository/com/fasterxml/jackson/datatype/jackson-datatype-jsr310/2.18.2/jackson-datatype-jsr310-2.18.2.jar:/home/akash/.m2/repository/com/fasterxml/jackson/module/jackson-module-parameter-names/2.18.2/jackson-module-parameter-names-2.18.2.jar:/home/akash/.m2/repository/org/springframework/boot/spring-boot-starter-tomcat/3.4.2/spring-boot-starter-tomcat-3.4.2.jar:/home/akash/.m2/repository/org/apache/tomcat/embed/tomcat-embed-core/10.1.34/tomcat-embed-core-10.1.34.jar:/home/akash/.m2/repository/org/apache/tomcat/embed/tomcat-embed-el/10.1.34/tomcat-embed-el-10.1.34.jar:/home/akash/.m2/repository/org/apache/tomcat/embed/tomcat-embed-websocket/10.1.34/tomcat-embed-websocket-10.1.34.jar:/home/akash/.m2/repository/org/springframework/spring-web/6.2.2/spring-web-6.2.2.jar:/home/akash/.m2/repository/io/micrometer/micrometer-observation/1.14.3/micrometer-observation-1.14.3.jar:/home/akash/.m2/repository/io/micrometer/micrometer-commons/1.14.3/micrometer-commons-1.14.3.jar:/home/akash/.m2/repository/org/springframework/spring-webmvc/6.2.2/spring-webmvc-6.2.2.jar:/home/akash/.m2/repository/org/springframework/spring-expression/6.2.2/spring-expression-6.2.2.jar:/home/akash/.m2/repository/org/springframework/boot/spring-boot-devtools/3.4.2/spring-boot-devtools-3.4.2.jar:/home/akash/.m2/repository/org/springframework/boot/spring-boot/3.4.2/spring-boot-3.4.2.jar:/home/akash/.m2/repository/org/springframework/boot/spring-boot-autoconfigure/3.4.2/spring-boot-autoconfigure-3.4.2.jar:/home/akash/.m2/repository/com/h2database/h2/2.3.232/h2-2.3.232.jar:/home/akash/.m2/repository/org/projectlombok/lombok/1.18.36/lombok-1.18.36.jar:/home/akash/.m2/repository/org/springframework/boot/spring-boot-starter-test/3.4.2/spring-boot-starter-test-3.4.2.jar:/home/akash/.m2/repository/org/springframework/boot/spring-boot-test/3.4.2/spring-boot-test-3.4.2.jar:/home/akash/.m2/repository/org/springframework/boot/spring-boot-test-autoconfigure/3.4.2/spring-boot-test-autoconfigure-3.4.2.jar:/home/akash/.m2/repository/com/jayway/jsonpath/json-path/2.9.0/json-path-2.9.0.jar:/home/akash/.m2/repository/jakarta/xml/bind/jakarta.xml.bind-api/4.0.2/jakarta.xml.bind-api-4.0.2.jar:/home/akash/.m2/repository/jakarta/activation/jakarta.activation-api/2.1.3/jakarta.activation-api-2.1.3.jar:/home/akash/.m2/repository/net/minidev/json-smart/2.5.1/json-smart-2.5.1.jar:/home/akash/.m2/repository/net/minidev/accessors-smart/2.5.1/accessors-smart-2.5.1.jar:/home/akash/.m2/repository/org/ow2/asm/asm/9.6/asm-9.6.jar:/home/akash/.m2/repository/org/assertj/assertj-core/3.26.3/assertj-core-3.26.3.jar:/home/akash/.m2/repository/org/awaitility/awaitility/4.2.2/awaitility-4.2.2.jar:/home/akash/.m2/repository/org/hamcrest/hamcrest/2.2/hamcrest-2.2.jar:/home/akash/.m2/repository/org/junit/jupiter/junit-jupiter/5.11.4/junit-jupiter-5.11.4.jar:/home/akash/.m2/repository/org/junit/jupiter/junit-jupiter-api/5.11.4/junit-jupiter-api-5.11.4.jar:/home/akash/.m2/repository/org/opentest4j/opentest4j/1.3.0/opentest4j-1.3.0.jar:/home/akash/.m2/repository/org/junit/platform/junit-platform-commons/1.11.4/junit-platform-commons-1.11.4.jar:/home/akash/.m2/repository/org/apiguardian/apiguardian-api/1.1.2/apiguardian-api-1.1.2.jar:/home/akash/.m2/repository/org/junit/jupiter/junit-jupiter-params/5.11.4/junit-jupiter-params-5.11.4.jar:/home/akash/.m2/repository/org/junit/jupiter/junit-jupiter-engine/5.11.4/junit-jupiter-engine-5.11.4.jar:/home/akash/.m2/repository/org/junit/platform/junit-platform-engine/1.11.4/junit-platform-engine-1.11.4.jar:/home/akash/.m2/repository/org/mockito/mockito-core/5.14.2/mockito-core-5.14.2.jar:/home/akash/.m2/repository/net/bytebuddy/byte-buddy-agent/1.15.11/byte-buddy-agent-1.15.11.jar:/home/akash/.m2/repository/org/objenesis/objenesis/3.3/objenesis-3.3.jar:/home/akash/.m2/repository/org/mockito/mockito-junit-jupiter/5.14.2/mockito-junit-jupiter-5.14.2.jar:/home/akash/.m2/repository/org/skyscreamer/jsonassert/1.5.3/jsonassert-1.5.3.jar:/home/akash/.m2/repository/com/vaadin/external/google/android-json/0.0.20131108.vaadin1/android-json-0.0.20131108.vaadin1.jar:/home/akash/.m2/repository/org/springframework/spring-core/6.2.2/spring-core-6.2.2.jar:/home/akash/.m2/repository/org/springframework/spring-jcl/6.2.2/spring-jcl-6.2.2.jar:/home/akash/.m2/repository/org/springframework/spring-test/6.2.2/spring-test-6.2.2.jar:/home/akash/.m2/repository/org/xmlunit/xmlunit-core/2.10.0/xmlunit-core-2.10.0.jar:/home/akash/.m2/repository/org/apache/poi/poi/5.3.0/poi-5.3.0.jar:/home/akash/.m2/repository/commons-codec/commons-codec/1.17.2/commons-codec-1.17.2.jar:/home/akash/.m2/repository/org/apache/commons/commons-collections4/4.4/commons-collections4-4.4.jar:/home/akash/.m2/repository/org/apache/commons/commons-math3/3.6.1/commons-math3-3.6.1.jar:/home/akash/.m2/repository/commons-io/commons-io/2.16.1/commons-io-2.16.1.jar:/home/akash/.m2/repository/com/zaxxer/SparseBitSet/1.3/SparseBitSet-1.3.jar:/home/akash/.m2/repository/org/apache/logging/log4j/log4j-api/2.24.3/log4j-api-2.24.3.jar:/home/akash/.m2/repository/org/apache/poi/poi-ooxml/5.3.0/poi-ooxml-5.3.0.jar:/home/akash/.m2/repository/org/apache/poi/poi-ooxml-lite/5.3.0/poi-ooxml-lite-5.3.0.jar:/home/akash/.m2/repository/org/apache/xmlbeans/xmlbeans/5.2.1/xmlbeans-5.2.1.jar:/home/akash/.m2/repository/org/apache/commons/commons-compress/1.26.2/commons-compress-1.26.2.jar:/home/akash/.m2/repository/org/apache/commons/commons-lang3/3.17.0/commons-lang3-3.17.0.jar:/home/akash/.m2/repository/com/github/virtuald/curvesapi/1.08/curvesapi-1.08.jar:/home/akash/.m2/repository/org/json/json/20231013/json-20231013.jar:"/>
    <property name="sun.cpu.endian" value="little"/>
    <property name="user.home" value="/home/akash"/>
    <property name="user.language" value="en"/>
    <property name="java.specification.vendor" value="Oracle Corporation"/>
    <property name="java.version.date" value="2025-01-21"/>
    <property name="java.home" value="/home/akash/Downloads/eclipse-temurin-21/jdk-21.0.6"/>
    <property name="file.separator" value="/"/>
    <property name="basedir" value="/home/akash/Documents/PODS/marketplace-service"/>
    <property name="java.vm.compressedOopsMode" value="Zero based"/>
    <property name="line.separator" value="&#10;"/>
    <property name="java.vm.specification.vendor" value="Oracle Corporation"/>
    <property name="java.specification.name" value="Java Platform API Specification"/>
    <property name="FILE_LOG_CHARSET" value="UTF-8"/>
    <property name="java.awt.headless" value="true"/>
    <property name="surefire.real.class.path" value="/home/akash/Documents/PODS/marketplace-service/target/surefire/surefirebooter-20250214041605851_3.jar"/>
    <property name="sun.management.compiler" value="HotSpot 64-Bit Tiered Compilers"/>
    <property name="java.runtime.version" value="21.0.6+7-LTS"/>
    <property name="user.name" value="akash"/>
    <property name="stdout.encoding" value="UTF-8"/>
    <property name="path.separator" value=":"/>
    <property name="os.version" value="6.8.0-52-generic"/>
    <property name="java.runtime.name" value="OpenJDK Runtime Environment"/>
    <property name="file.encoding" value="UTF-8"/>
    <property name="java.vm.name" value="OpenJDK 64-Bit Server VM"/>
    <property name="java.vendor.version" value="Temurin-21.0.6+7"/>
    <property name="localRepository" value="/home/akash/.m2/repository"/>
    <property name="java.vendor.url.bug" value="https://github.com/adoptium/adoptium-support/issues"/>
    <property name="java.io.tmpdir" value="/tmp"/>
    <property name="com.zaxxer.hikari.pool_number" value="1"/>
    <property name="java.version" value="21.0.6"/>
    <property name="user.dir" value="/home/akash/Documents/PODS/marketplace-service"/>
    <property name="os.arch" value="amd64"/>
    <property name="java.vm.specification.name" value="Java Virtual Machine Specification"/>
    <property name="PID" value="102914"/>
    <property name="CONSOLE_LOG_CHARSET" value="UTF-8"/>
    <property name="native.encoding" value="UTF-8"/>
    <property name="java.library.path" value="/usr/local/cuda-12.6/lib64::/usr/java/packages/lib:/usr/lib64:/lib64:/lib:/usr/lib"/>
    <property name="java.vm.info" value="mixed mode, sharing"/>
    <property name="stderr.encoding" value="UTF-8"/>
    <property name="java.vendor" value="Eclipse Adoptium"/>
    <property name="java.vm.version" value="21.0.6+7-LTS"/>
    <property name="sun.io.unicode.encoding" value="UnicodeLittle"/>
    <property name="java.class.version" value="65.0"/>
    <property name="LOGGED_APPLICATION_NAME" value="[marketplace-service] "/>
  </properties>
  <testcase name="contextLoads" classname="pods.project.marketplaceservice.MarketplaceServiceApplicationTests" time="0.358">
    <system-out><![CDATA[04:16:06.354 [main] INFO org.springframework.test.context.support.AnnotationConfigContextLoaderUtils -- Could not detect default configuration classes for test class [pods.project.marketplaceservice.MarketplaceServiceApplicationTests]: MarketplaceServiceApplicationTests does not declare any static, non-private, non-final, nested classes annotated with @Configuration.
04:16:06.428 [main] INFO org.springframework.boot.test.context.SpringBootTestContextBootstrapper -- Found @SpringBootConfiguration pods.project.marketplaceservice.MarketplaceServiceApplication for test class pods.project.marketplaceservice.MarketplaceServiceApplicationTests
04:16:06.526 [main] INFO org.springframework.boot.devtools.restart.RestartApplicationListener -- Restart disabled due to context in which it is running

  .   ____          _            __ _ _
 /\\ / ___'_ __ _ _(_)_ __  __ _ \ \ \ \
( ( )\___ | '_ | '_| | '_ \/ _` | \ \ \ \
 \\/  ___)| |_)| | | | | || (_| |  ) ) ) )
  '  |____| .__|_| |_|_| |_\__, | / / / /
 =========|_|==============|___/=/_/_/_/

 :: Spring Boot ::                (v3.4.2)

2025-02-14T04:16:06.725+05:30  WARN 102914 --- [marketplace-service] [           main] ory$DuplicateJsonObjectContextCustomizer : 

Found multiple occurrences of org.json.JSONObject on the class path:

	jar:file:/home/akash/.m2/repository/com/vaadin/external/google/android-json/0.0.20131108.vaadin1/android-json-0.0.20131108.vaadin1.jar!/org/json/JSONObject.class
	jar:file:/home/akash/.m2/repository/org/json/json/20231013/json-20231013.jar!/org/json/JSONObject.class

You may wish to exclude one of them to ensure predictable runtime behavior

2025-02-14T04:16:06.739+05:30  INFO 102914 --- [marketplace-service] [           main] p.p.m.MarketplaceServiceApplicationTests : Starting MarketplaceServiceApplicationTests using Java 21.0.6 with PID 102914 (started by akash in /home/akash/Documents/PODS/marketplace-service)
2025-02-14T04:16:06.740+05:30  INFO 102914 --- [marketplace-service] [           main] p.p.m.MarketplaceServiceApplicationTests : No active profile set, falling back to 1 default profile: "default"
2025-02-14T04:16:07.136+05:30  INFO 102914 --- [marketplace-service] [           main] .s.d.r.c.RepositoryConfigurationDelegate : Bootstrapping Spring Data JPA repositories in DEFAULT mode.
2025-02-14T04:16:07.180+05:30  INFO 102914 --- [marketplace-service] [           main] .s.d.r.c.RepositoryConfigurationDelegate : Finished Spring Data repository scanning in 38 ms. Found 2 JPA repository interfaces.
2025-02-14T04:16:07.681+05:30  INFO 102914 --- [marketplace-service] [           main] o.s.o.j.p.SpringPersistenceUnitInfo      : No LoadTimeWeaver setup: ignoring JPA class transformer
2025-02-14T04:16:07.705+05:30  INFO 102914 --- [marketplace-service] [           main] com.zaxxer.hikari.HikariDataSource       : HikariPool-1 - Starting...
2025-02-14T04:16:07.844+05:30  INFO 102914 --- [marketplace-service] [           main] com.zaxxer.hikari.pool.HikariPool        : HikariPool-1 - Added connection conn0: url=jdbc:h2:file:./data/mydb user=SA
2025-02-14T04:16:07.845+05:30  INFO 102914 --- [marketplace-service] [           main] com.zaxxer.hikari.HikariDataSource       : HikariPool-1 - Start completed.
Hibernate: drop table if exists order_items cascade 
Hibernate: drop table if exists orders cascade 
Hibernate: drop table if exists products cascade 
Hibernate: create table order_items (id integer generated by default as identity, order_id integer not null, product_id integer, quantity integer, primary key (id))
Hibernate: create table orders (id integer generated by default as identity, total_price integer, user_id integer, status varchar(255), primary key (id))
Hibernate: create table products (id integer not null, price integer, stock_quantity integer, description varchar(255), name varchar(255), primary key (id))
Hibernate: alter table if exists order_items add constraint FKbioxgbv59vetrxe0ejfubep1w foreign key (order_id) references orders
2025-02-14T04:16:08.423+05:30  INFO 102914 --- [marketplace-service] [           main] j.LocalContainerEntityManagerFactoryBean : Initialized JPA EntityManagerFactory for persistence unit 'default'
2025-02-14T04:16:08.604+05:30  INFO 102914 --- [marketplace-service] [           main] o.s.d.j.r.query.QueryEnhancerFactory     : Hibernate is in classpath; If applicable, HQL parser will be used.
Hibernate: select p1_0.id,p1_0.description,p1_0.name,p1_0.price,p1_0.stock_quantity from products p1_0 where p1_0.id=?
Hibernate: insert into products (description,name,price,stock_quantity,id) values (?,?,?,?,?)
Hibernate: select p1_0.id,p1_0.description,p1_0.name,p1_0.price,p1_0.stock_quantity from products p1_0 where p1_0.id=?
Hibernate: insert into products (description,name,price,stock_quantity,id) values (?,?,?,?,?)
Hibernate: select p1_0.id,p1_0.description,p1_0.name,p1_0.price,p1_0.stock_quantity from products p1_0 where p1_0.id=?
Hibernate: insert into products (description,name,price,stock_quantity,id) values (?,?,?,?,?)
Hibernate: select p1_0.id,p1_0.description,p1_0.name,p1_0.price,p1_0.stock_quantity from products p1_0 where p1_0.id=?
Hibernate: insert into products (description,name,price,stock_quantity,id) values (?,?,?,?,?)
Hibernate: select p1_0.id,p1_0.description,p1_0.name,p1_0.price,p1_0.stock_quantity from products p1_0 where p1_0.id=?
Hibernate: insert into products (description,name,price,stock_quantity,id) values (?,?,?,?,?)
Hibernate: select p1_0.id,p1_0.description,p1_0.name,p1_0.price,p1_0.stock_quantity from products p1_0 where p1_0.id=?
Hibernate: insert into products (description,name,price,stock_quantity,id) values (?,?,?,?,?)
Hibernate: select p1_0.id,p1_0.description,p1_0.name,p1_0.price,p1_0.stock_quantity from products p1_0 where p1_0.id=?
Hibernate: insert into products (description,name,price,stock_quantity,id) values (?,?,?,?,?)
Hibernate: select p1_0.id,p1_0.description,p1_0.name,p1_0.price,p1_0.stock_quantity from products p1_0 where p1_0.id=?
Hibernate: insert into products (description,name,price,stock_quantity,id) values (?,?,?,?,?)
Hibernate: select p1_0.id,p1_0.description,p1_0.name,p1_0.price,p1_0.stock_quantity from products p1_0 where p1_0.id=?
Hibernate: insert into products (description,name,price,stock_quantity,id) values (?,?,?,?,?)
Hibernate: select p1_0.id,p1_0.description,p1_0.name,p1_0.price,p1_0.stock_quantity from products p1_0 where p1_0.id=?
Hibernate: insert into products (description,name,price,stock_quantity,id) values (?,?,?,?,?)
Hibernate: select p1_0.id,p1_0.description,p1_0.name,p1_0.price,p1_0.stock_quantity from products p1_0 where p1_0.id=?
Hibernate: insert into products (description,name,price,stock_quantity,id) values (?,?,?,?,?)
Hibernate: select p1_0.id,p1_0.description,p1_0.name,p1_0.price,p1_0.stock_quantity from products p1_0 where p1_0.id=?
Hibernate: insert into products (description,name,price,stock_quantity,id) values (?,?,?,?,?)
Hibernate: select p1_0.id,p1_0.description,p1_0.name,p1_0.price,p1_0.stock_quantity from products p1_0 where p1_0.id=?
Hibernate: insert into products (description,name,price,stock_quantity,id) values (?,?,?,?,?)
Hibernate: select p1_0.id,p1_0.description,p1_0.name,p1_0.price,p1_0.stock_quantity from products p1_0 where p1_0.id=?
Hibernate: insert into products (description,name,price,stock_quantity,id) values (?,?,?,?,?)
Hibernate: select p1_0.id,p1_0.description,p1_0.name,p1_0.price,p1_0.stock_quantity from products p1_0 where p1_0.id=?
Hibernate: insert into products (description,name,price,stock_quantity,id) values (?,?,?,?,?)
Hibernate: select p1_0.id,p1_0.description,p1_0.name,p1_0.price,p1_0.stock_quantity from products p1_0 where p1_0.id=?
Hibernate: insert into products (description,name,price,stock_quantity,id) values (?,?,?,?,?)
Hibernate: select p1_0.id,p1_0.description,p1_0.name,p1_0.price,p1_0.stock_quantity from products p1_0 where p1_0.id=?
Hibernate: insert into products (description,name,price,stock_quantity,id) values (?,?,?,?,?)
Hibernate: select p1_0.id,p1_0.description,p1_0.name,p1_0.price,p1_0.stock_quantity from products p1_0 where p1_0.id=?
Hibernate: insert into products (description,name,price,stock_quantity,id) values (?,?,?,?,?)
Hibernate: select p1_0.id,p1_0.description,p1_0.name,p1_0.price,p1_0.stock_quantity from products p1_0 where p1_0.id=?
Hibernate: insert into products (description,name,price,stock_quantity,id) values (?,?,?,?,?)
Hibernate: select p1_0.id,p1_0.description,p1_0.name,p1_0.price,p1_0.stock_quantity from products p1_0 where p1_0.id=?
Hibernate: insert into products (description,name,price,stock_quantity,id) values (?,?,?,?,?)
2025-02-14T04:16:09.558+05:30  WARN 102914 --- [marketplace-service] [           main] JpaBaseConfiguration$JpaWebConfiguration : spring.jpa.open-in-view is enabled by default. Therefore, database queries may be performed during view rendering. Explicitly configure spring.jpa.open-in-view to disable this warning
2025-02-14T04:16:09.759+05:30  INFO 102914 --- [marketplace-service] [           main] o.s.b.a.h2.H2ConsoleAutoConfiguration    : H2 console available at '/h2-console'. Database available at 'jdbc:h2:file:./data/mydb'
2025-02-14T04:16:09.801+05:30  INFO 102914 --- [marketplace-service] [           main] p.p.m.MarketplaceServiceApplicationTests : Started MarketplaceServiceApplicationTests in 3.283 seconds (process running for 3.899)
]]></system-out>
    <system-err><![CDATA[Mockito is currently self-attaching to enable the inline-mock-maker. This will no longer work in future releases of the JDK. Please add Mockito as an agent to your build what is described in Mockito's documentation: https://javadoc.io/doc/org.mockito/mockito-core/latest/org/mockito/Mockito.html#0.3
WARNING: A Java agent has been loaded dynamically (/home/akash/.m2/repository/net/bytebuddy/byte-buddy-agent/1.15.11/byte-buddy-agent-1.15.11.jar)
WARNING: If a serviceability tool is in use, please run with -XX:+EnableDynamicAgentLoading to hide this warning
WARNING: If a serviceability tool is not in use, please run with -Djdk.instrument.traceUsage for more information
WARNING: Dynamic loading of agents will be disallowed by default in a future release
]]></system-err>
  </testcase>
</testsuite>